<?xml version="1.0" encoding="UTF-8"?>
<!-- Generated by org.testng.reporters.JUnitReportReporter -->
<testsuite hostname="DESKTOP-R49V28S" failures="0" tests="1" name="practice.testNg.SampleClass" time="0.014" errors="0" timestamp="2025-09-12T16:42:55 IST" skipped="0">
  <testcase classname="practice.testNg.SampleClass" name="test" time="0.014"/>
</testsuite> <!-- practice.testNg.SampleClass -->
