<?xml version="1.0" encoding="UTF-8"?>
<!-- Generated by org.testng.reporters.JUnitReportReporter -->
<testsuite hostname="DESKTOP-R49V28S" failures="0" tests="2" name="practice.testNg.ConfigAnnotationTestNg" time="0.020" errors="0" timestamp="2025-09-15T14:43:29 IST" skipped="0">
  <testcase classname="practice.testNg.ConfigAnnotationTestNg" name="createContactTest" time="0.005"/>
  <testcase classname="practice.testNg.ConfigAnnotationTestNg" name="createContact" time="0.015"/>
</testsuite> <!-- practice.testNg.ConfigAnnotationTestNg -->
