<?xml version="1.0" encoding="UTF-8"?>
<!-- Generated by org.testng.reporters.JUnitReportReporter -->
<testsuite hostname="DESKTOP-R49V28S" failures="0" tests="3" name="practice.testNg.CreateContactTestWithDependsOn" time="0.024" errors="0" timestamp="2025-09-19T08:11:46 IST" skipped="0">
  <testcase classname="practice.testNg.CreateContactTestWithDependsOn" name="modifyContactTest" time="0.004"/>
  <testcase classname="practice.testNg.CreateContactTestWithDependsOn" name="createContactTest" time="0.017"/>
  <testcase classname="practice.testNg.CreateContactTestWithDependsOn" name="deleteContactTest" time="0.003"/>
</testsuite> <!-- practice.testNg.CreateContactTestWithDependsOn -->
