<?xml version="1.0" encoding="UTF-8"?>
<!-- Generated by org.testng.reporters.JUnitReportReporter -->
<testsuite hostname="DESKTOP-R49V28S" failures="0" tests="11" name="practice.testNg.TestNG_InvocationCount" time="0.039" errors="0" timestamp="2025-09-21T10:30:15 IST" skipped="0">
  <testcase classname="practice.testNg.TestNG_InvocationCount" name="contactTest" time="0.003"/>
  <testcase classname="practice.testNg.TestNG_InvocationCount" name="contactTest" time="0.004"/>
  <testcase classname="practice.testNg.TestNG_InvocationCount" name="contactTest" time="0.003"/>
  <testcase classname="practice.testNg.TestNG_InvocationCount" name="createOrg" time="0.002"/>
  <testcase classname="practice.testNg.TestNG_InvocationCount" name="contactTest" time="0.014"/>
  <testcase classname="practice.testNg.TestNG_InvocationCount" name="contactTest" time="0.003"/>
  <testcase classname="practice.testNg.TestNG_InvocationCount" name="contactTest" time="0.003"/>
  <testcase classname="practice.testNg.TestNG_InvocationCount" name="contactTest" time="0.002"/>
  <testcase classname="practice.testNg.TestNG_InvocationCount" name="contactTest" time="0.003"/>
  <testcase classname="practice.testNg.TestNG_InvocationCount" name="contactTest" time="0.001"/>
  <testcase classname="practice.testNg.TestNG_InvocationCount" name="contactTest" time="0.001"/>
</testsuite> <!-- practice.testNg.TestNG_InvocationCount -->
