<?xml version="1.0" encoding="UTF-8"?>
<!-- Generated by org.testng.reporters.JUnitReportReporter -->
<testsuite hostname="DESKTOP-R49V28S" failures="0" tests="1" name="practice.testNg.SampleReport" time="0.352" errors="0" timestamp="2025-09-19T18:15:11 IST" skipped="0">
  <testcase classname="practice.testNg.SampleReport" name="createContactTest" time="0.352"/>
</testsuite> <!-- practice.testNg.SampleReport -->
