<?xml version="1.0" encoding="UTF-8"?>
<!-- Generated by org.testng.reporters.JUnitReportReporter -->
<testsuite hostname="DESKTOP-R49V28S" failures="0" tests="3" name="practice.testNg.TestnNg_DataProvider" time="0.020" errors="0" timestamp="2025-09-21T21:44:01 IST" skipped="0">
  <testcase classname="practice.testNg.TestnNg_DataProvider" name="createContactTest" time="0.002"/>
  <testcase classname="practice.testNg.TestnNg_DataProvider" name="createContactTest" time="0.003"/>
  <testcase classname="practice.testNg.TestnNg_DataProvider" name="createContactTest" time="0.015"/>
</testsuite> <!-- practice.testNg.TestnNg_DataProvider -->
