<?xml version="1.0" encoding="UTF-8"?>
<!-- Generated by org.testng.reporters.JUnitReportReporter -->
<testsuite hostname="DESKTOP-R49V28S" failures="0" tests="2" name="prsctice.hometest.HomeSampleTest2" time="0.016" errors="0" timestamp="2025-09-18T18:15:02 IST" skipped="0">
  <testcase classname="prsctice.hometest.HomeSampleTest2" name="homePageTest" time="0.013">
    <system-out>
      <![CDATA[homePageTest Test Starts
Step-1
Step-2
Step-3
Step-4
homePageTest Test END]]>
    </system-out>
  </testcase> <!-- homePageTest -->
  <testcase classname="prsctice.hometest.HomeSampleTest2" name="verifyLogoHomePageTest" time="0.003">
    <system-out>
      <![CDATA[verifyLogoHomePageTest Test Starts
Step-1
Step-2
Step-3
Step-4
verifyLogoHomePageTest Test END]]>
    </system-out>
  </testcase> <!-- verifyLogoHomePageTest -->
  <system-out>
    <![CDATA[homePageTest Test Starts
Step-1
Step-2
Step-3
Step-4
homePageTest Test END
verifyLogoHomePageTest Test Starts
Step-1
Step-2
Step-3
Step-4
verifyLogoHomePageTest Test END]]>
  </system-out>
</testsuite> <!-- prsctice.hometest.HomeSampleTest2 -->
