<?xml version="1.0" encoding="UTF-8"?>
<!-- Generated by org.testng.reporters.JUnitReportReporter -->
<testsuite hostname="DESKTOP-R49V28S" failures="0" tests="3" name="practice.testNg.CreateContactTest" time="0.016" errors="0" timestamp="2025-09-12T16:54:54 IST" skipped="0">
  <testcase classname="practice.testNg.CreateContactTest" name="createContactTest" time="0.012"/>
  <testcase classname="practice.testNg.CreateContactTest" name="modifyContactTest" time="0.002"/>
  <testcase classname="practice.testNg.CreateContactTest" name="deleteContactTest" time="0.002"/>
</testsuite> <!-- practice.testNg.CreateContactTest -->
