<?xml version="1.0" encoding="UTF-8"?>
<!-- Generated by org.testng.reporters.JUnitReportReporter -->
<testsuite hostname="DESKTOP-R49V28S" failures="0" tests="3" name="practice.testNg.TestNg_DataProvider_2" time="39.416" errors="0" timestamp="2025-09-13T12:34:28 IST" skipped="0">
  <testcase classname="practice.testNg.TestNg_DataProvider_2" name="getProductInfoTest" time="11.284"/>
  <testcase classname="practice.testNg.TestNg_DataProvider_2" name="getProductInfoTest" time="17.382"/>
  <testcase classname="practice.testNg.TestNg_DataProvider_2" name="getProductInfoTest" time="10.750"/>
</testsuite> <!-- practice.testNg.TestNg_DataProvider_2 -->
