<?xml version="1.0" encoding="UTF-8"?>
<!-- Generated by org.testng.reporters.JUnitReportReporter -->
<testsuite hostname="DESKTOP-R49V28S" failures="0" tests="1" name="practice.testNg.Base64Screenshot" time="5.469" errors="0" timestamp="2025-09-22T12:44:05 IST" skipped="0">
  <testcase classname="practice.testNg.Base64Screenshot" name="createContactTest" time="5.469"/>
</testsuite> <!-- practice.testNg.Base64Screenshot -->
