<?xml version="1.0" encoding="UTF-8"?>
<!-- Generated by org.testng.reporters.JUnitReportReporter -->
<testsuite hostname="DESKTOP-R49V28S" failures="0" tests="2" name="com.crm.comcast.orgtest.CreateOrgTest" time="0.011" errors="0" timestamp="2025-09-15T16:30:23 IST" skipped="0">
  <testcase classname="com.crm.comcast.orgtest.CreateOrgTest" name="createOrgWithIndustriesTest" time="0.005"/>
  <testcase classname="com.crm.comcast.orgtest.CreateOrgTest" name="createOrgTest" time="0.006"/>
</testsuite> <!-- com.crm.comcast.orgtest.CreateOrgTest -->
