<?xml version="1.0" encoding="UTF-8"?>
<!-- Generated by org.testng.reporters.JUnitReportReporter -->
<testsuite hostname="DESKTOP-R49V28S" failures="0" tests="2" name="practice.testNg.TestNg_DataProvider_IphoneMobiles" time="22.177" errors="0" timestamp="2025-09-19T08:10:14 IST" skipped="0">
  <testcase classname="practice.testNg.TestNg_DataProvider_IphoneMobiles" name="getProductInfoTest" time="15.971"/>
  <testcase classname="practice.testNg.TestNg_DataProvider_IphoneMobiles" name="getProductInfoTest" time="6.206"/>
</testsuite> <!-- practice.testNg.TestNg_DataProvider_IphoneMobiles -->
