<?xml version="1.0" encoding="UTF-8"?>
<!-- Generated by org.testng.reporters.JUnitReportReporter -->
<testsuite hostname="DESKTOP-R49V28S" failures="0" tests="1" name="prsctice.hometest.SimpleTestForScrrenshot" time="8.269" errors="0" timestamp="2025-09-19T10:45:10 IST" skipped="0">
  <testcase classname="prsctice.hometest.SimpleTestForScrrenshot" name="amazonTest" time="8.269"/>
</testsuite> <!-- prsctice.hometest.SimpleTestForScrrenshot -->
