<?xml version="1.0" encoding="UTF-8"?>
<!-- Generated by org.testng.reporters.JUnitReportReporter -->
<testsuite hostname="DESKTOP-R49V28S" failures="0" tests="2" name="com.crm.comcast.contacttest.CreateContactTest" time="0.021" errors="0" timestamp="2025-09-15T16:30:23 IST" skipped="0">
  <testcase classname="com.crm.comcast.contacttest.CreateContactTest" name="createContactTestWithDate" time="0.005"/>
  <testcase classname="com.crm.comcast.contacttest.CreateContactTest" name="createContact" time="0.016"/>
</testsuite> <!-- com.crm.comcast.contacttest.CreateContactTest -->
