<?xml version="1.0" encoding="UTF-8"?>
<!-- Generated by org.testng.reporters.JUnitReportReporter -->
<testsuite hostname="DESKTOP-R49V28S" failures="0" tests="1" name="practice.pom.repository.SampleTestWithPom" time="5.698" errors="0" timestamp="2025-09-11T17:11:41 IST" skipped="0">
  <testcase classname="practice.pom.repository.SampleTestWithPom" name="SampleTest" time="5.698"/>
</testsuite> <!-- practice.pom.repository.SampleTestWithPom -->
